<?xml version="1.0" encoding="UTF-8"?>
<!-- Generated by org.testng.reporters.JUnitReportReporter -->
<testsuite skipped="0" hostname="SHAHIDUL" name="testCases.IssueLicense" tests="1" failures="0" timestamp="30 Aug 2018 06:57:48 GMT" time="102.895" errors="0">
  <testcase name="openurl" time="102.895" classname="testCases.IssueLicense"/>
</testsuite> <!-- testCases.IssueLicense -->
