<?xml version="1.0" encoding="UTF-8"?>
<!-- Generated by org.testng.reporters.JUnitReportReporter -->
<testsuite skipped="0" hostname="SHAHIDUL" name="testCases.AddEntrepreneur" tests="1" failures="0" timestamp="05 Aug 2018 05:23:00 GMT" time="51.990" errors="0">
  <testcase name="openurl" time="51.990" classname="testCases.AddEntrepreneur"/>
</testsuite> <!-- testCases.AddEntrepreneur -->
