<?xml version="1.0" encoding="UTF-8"?>
<!-- Generated by org.testng.reporters.JUnitReportReporter -->
<testsuite skipped="0" hostname="SHAHIDUL" name="testCases.AddCustomerNegative" tests="1" failures="0" timestamp="13 Sep 2018 08:20:39 GMT" time="73.779" errors="0">
  <testcase name="addCustomer" time="73.779" classname="testCases.AddCustomerNegative"/>
</testsuite> <!-- testCases.AddCustomerNegative -->
