<?xml version="1.0" encoding="UTF-8"?>
<!-- Generated by org.testng.reporters.JUnitReportReporter -->
<testsuite skipped="0" hostname="SHAHIDUL" name="testCases.addNewUser" tests="1" failures="0" timestamp="23 Jul 2018 10:31:36 GMT" time="14.569" errors="0">
  <testcase name="openurl" time="14.569" classname="testCases.addNewUser"/>
</testsuite> <!-- testCases.addNewUser -->
