<?xml version="1.0" encoding="UTF-8"?>
<!-- Generated by org.testng.reporters.JUnitReportReporter -->
<testsuite skipped="0" hostname="SHAHIDUL" name="testCases.XExecution" tests="1" failures="0" timestamp="13 Sep 2018 06:41:11 GMT" time="8.082" errors="0">
  <testcase name="login" time="8.082" classname="testCases.XExecution"/>
</testsuite> <!-- testCases.XExecution -->
