<?xml version="1.0" encoding="UTF-8"?>
<!-- Generated by org.testng.reporters.JUnitReportReporter -->
<testsuite skipped="0" hostname="SHAHIDUL" name="testCases.TestCase_Configurations" tests="3" failures="0" timestamp="02 Oct 2018 07:39:36 GMT" time="44.193" errors="0">
  <testcase name="Login" time="4.231" classname="testCases.TestCase_Configurations"/>
  <testcase name="userGroupTest" time="27.449" classname="testCases.TestCase_Configurations"/>
  <testcase name="verifySave" time="12.513" classname="testCases.TestCase_Configurations"/>
</testsuite> <!-- testCases.TestCase_Configurations -->
