<?xml version="1.0" encoding="UTF-8"?>
<!-- Generated by org.testng.reporters.JUnitReportReporter -->
<testsuite skipped="0" hostname="SHAHIDUL" name="testCases.TestCase_Config_Country" tests="3" failures="0" timestamp="02 Oct 2018 09:43:22 GMT" time="57.098" errors="0">
  <testcase name="Login" time="15.241" classname="testCases.TestCase_Config_Country"/>
  <testcase name="addCountryTest" time="28.147" classname="testCases.TestCase_Config_Country"/>
  <testcase name="verifySave" time="13.710" classname="testCases.TestCase_Config_Country"/>
</testsuite> <!-- testCases.TestCase_Config_Country -->
