<?xml version="1.0" encoding="UTF-8"?>
<!-- Generated by org.testng.reporters.JUnitReportReporter -->
<testsuite skipped="0" hostname="SHAHIDUL" name="com.eagroDemo.testCases.LoginPageTest" tests="2" failures="0" timestamp="02 Oct 2018 06:24:48 GMT" time="63.690" errors="0">
  <testcase name="loginPageTitleTest" time="23.048" classname="com.eagroDemo.testCases.LoginPageTest"/>
  <testcase name="loginTest" time="40.642" classname="com.eagroDemo.testCases.LoginPageTest"/>
</testsuite> <!-- com.eagroDemo.testCases.LoginPageTest -->
