<?xml version="1.0" encoding="UTF-8"?>
<!-- Generated by org.testng.reporters.JUnitReportReporter -->
<testsuite skipped="0" hostname="SHAHIDUL" name="testCases.TestCase_AddCustomer" tests="3" failures="0" timestamp="17 Sep 2018 05:50:32 GMT" time="74.842" errors="0">
  <testcase name="openurl" time="22.233" classname="testCases.TestCase_AddCustomer"/>
  <testcase name="testProcess" time="39.379" classname="testCases.TestCase_AddCustomer"/>
  <testcase name="addCustomerVerify" time="13.230" classname="testCases.TestCase_AddCustomer"/>
</testsuite> <!-- testCases.TestCase_AddCustomer -->
