<?xml version="1.0" encoding="UTF-8"?>
<!-- Generated by org.testng.reporters.JUnitReportReporter -->
<testsuite skipped="0" hostname="SHAHIDUL" name="testCases.TestCase_UserLoginVerify" tests="1" failures="0" timestamp="02 Oct 2018 06:40:53 GMT" time="2.651" errors="0">
  <testcase name="tryemptyfield4" time="2.651" classname="testCases.TestCase_UserLoginVerify"/>
</testsuite> <!-- testCases.TestCase_UserLoginVerify -->
