<?xml version="1.0" encoding="UTF-8"?>
<!-- Generated by org.testng.reporters.JUnitReportReporter -->
<testsuite skipped="0" hostname="SHAHIDUL" name="testCases.AddCustomer" tests="1" failures="0" timestamp="09 Sep 2018 10:51:50 GMT" time="64.142" errors="0">
  <testcase name="openurl" time="64.142" classname="testCases.AddCustomer"/>
</testsuite> <!-- testCases.AddCustomer -->
