<?xml version="1.0" encoding="UTF-8"?>
<!-- Generated by org.testng.reporters.JUnitReportReporter -->
<testsuite skipped="0" hostname="SHAHIDUL" name="testCases.addNewCustomer" tests="1" failures="0" timestamp="01 Aug 2018 09:53:13 GMT" time="50.111" errors="0">
  <testcase name="openurl" time="50.111" classname="testCases.addNewCustomer"/>
</testsuite> <!-- testCases.addNewCustomer -->
