<?xml version="1.0" encoding="UTF-8"?>
<!-- Generated by org.testng.reporters.JUnitReportReporter -->
<testsuite skipped="0" hostname="SHAHIDUL" name="testCases.login" tests="1" failures="0" timestamp="16 Sep 2018 04:01:26 GMT" time="66.192" errors="0">
  <testcase name="openurl" time="66.192" classname="testCases.login"/>
</testsuite> <!-- testCases.login -->
