<?xml version="1.0" encoding="UTF-8"?>
<!-- Generated by org.testng.reporters.JUnitReportReporter -->
<testsuite skipped="0" hostname="SHAHIDUL" name="testCases.TestCase_AddCustomerNegative" tests="1" failures="0" timestamp="16 Sep 2018 08:49:32 GMT" time="93.635" errors="0">
  <testcase name="addCustomer" time="93.635" classname="testCases.TestCase_AddCustomerNegative"/>
</testsuite> <!-- testCases.TestCase_AddCustomerNegative -->
