<?xml version="1.0" encoding="UTF-8"?>
<!-- Generated by org.testng.reporters.JUnitReportReporter -->
<testsuite skipped="0" hostname="SHAHIDUL" name="testCases.DistributeLicense" tests="1" failures="0" timestamp="04 Sep 2018 06:41:17 GMT" time="100.878" errors="0">
  <testcase name="distributeLicense" time="100.878" classname="testCases.DistributeLicense"/>
</testsuite> <!-- testCases.DistributeLicense -->
