<?xml version="1.0" encoding="UTF-8"?>
<!-- Generated by org.testng.reporters.JUnitReportReporter -->
<testsuite skipped="0" hostname="SHAHIDUL" name="testCases.UserLoginVerifydemo" tests="5" failures="0" timestamp="28 Aug 2018 09:08:31 GMT" time="0.080" errors="0">
  <testcase name="login_verification" time="0.052" classname="testCases.UserLoginVerifydemo"/>
  <testcase name="wrongID_validPWD" time="0.005" classname="testCases.UserLoginVerifydemo"/>
  <testcase name="tryemptyfield" time="0.013" classname="testCases.UserLoginVerifydemo"/>
  <testcase name="validID_wrongPWD" time="0.005" classname="testCases.UserLoginVerifydemo"/>
  <testcase name="wrongID_pwd" time="0.005" classname="testCases.UserLoginVerifydemo"/>
</testsuite> <!-- testCases.UserLoginVerifydemo -->
