<?xml version="1.0" encoding="UTF-8"?>
<!-- Generated by org.testng.reporters.JUnitReportReporter -->
<testsuite skipped="0" hostname="SHAHIDUL" name="testCases.TestCase_Config_mrittika_FStock" tests="2" failures="0" timestamp="14 Oct 2018 04:21:53 GMT" time="18.781" errors="0">
  <testcase name="Login" time="5.749" classname="testCases.TestCase_Config_mrittika_FStock"/>
  <testcase name="FertilizerStockTest" time="13.032" classname="testCases.TestCase_Config_mrittika_FStock"/>
</testsuite> <!-- testCases.TestCase_Config_mrittika_FStock -->
